{"message":"[Sun, 18 Oct 2020 07:26:12 GMT] GET /doc/swagger-ui-standalone-preset.js.map 304 query: {} params: {} body: {} - 3.941 ms\n","level":"info"}
{"message":"[Sun, 18 Oct 2020 07:26:12 GMT] GET /doc/swagger-ui-bundle.js.map 304 query: {} params: {} body: {} - 23.365 ms\n","level":"info"}
{"message":"[Sun, 18 Oct 2020 07:26:12 GMT] GET /doc/swagger-ui.css.map 304 query: {} params: {} body: {} - 1.077 ms\n","level":"info"}
{"message":"[Sun, 18 Oct 2020 07:26:14 GMT] GET /doc/swagger-ui-bundle.js.map 304 query: {} params: {} body: {} - 1.665 ms\n","level":"info"}
{"message":"[Sun, 18 Oct 2020 07:26:14 GMT] GET /doc/swagger-ui-standalone-preset.js.map 304 query: {} params: {} body: {} - 6.808 ms\n","level":"info"}
{"message":"[Sun, 18 Oct 2020 07:26:14 GMT] GET /doc/swagger-ui.css.map 304 query: {} params: {} body: {} - 7.656 ms\n","level":"info"}
{"message":"[Sun, 18 Oct 2020 07:26:22 GMT] GET /boards/45/tasks 200 query: {} params: {\"boardId\":\"45\"} body: {} - 6.256 ms\n","level":"info"}
{"message":"[Sun, 18 Oct 2020 07:30:29 GMT] GET /boards/45/tasks 200 query: {} params: {\"boardId\":\"45\"} body: {} - 7.960 ms\n","level":"info"}
{"message":"[Sun, 18 Oct 2020 07:35:08 GMT] GET / 200 query: {} params: {} body: {} - 5.995 ms\n","level":"info"}
{"message":"[Sun, 18 Oct 2020 07:35:10 GMT] GET /favicon.ico 404 query: {} params: undefined body: {} - 3.245 ms\n","level":"info"}
{"message":"[Sun, 18 Oct 2020 07:35:23 GMT] GET /users 200 query: {} params: {} body: {} - 1.635 ms\n","level":"info"}
{"message":"[Sun, 18 Oct 2020 07:36:00 GMT] GET /users 200 query: {} params: {} body: {} - 1.888 ms\n","level":"info"}
{"message":"[Sun, 18 Oct 2020 07:36:15 GMT] GET /users 200 query: {} params: {} body: {} - 2.059 ms\n","level":"info"}
{"message":"[Sun, 18 Oct 2020 07:36:21 GMT] GET /users 200 query: {} params: {} body: {} - 1.752 ms\n","level":"info"}
{"message":"[Sun, 18 Oct 2020 07:36:25 GMT] GET /users 200 query: {} params: {} body: {} - 1.676 ms\n","level":"info"}
{"message":"[Sun, 18 Oct 2020 07:36:26 GMT] GET /users 200 query: {} params: {} body: {} - 1.689 ms\n","level":"info"}
{"message":"[Sun, 18 Oct 2020 07:36:27 GMT] GET /users 200 query: {} params: {} body: {} - 1.679 ms\n","level":"info"}
{"message":"[Sun, 18 Oct 2020 07:36:28 GMT] GET /users 200 query: {} params: {} body: {} - 1.500 ms\n","level":"info"}
{"message":"[Sun, 18 Oct 2020 07:36:41 GMT] GET /users 200 query: {} params: {} body: {} - 1.518 ms\n","level":"info"}
{"message":"[Sun, 18 Oct 2020 07:36:59 GMT] GET /users 200 query: {} params: {} body: {} - 0.982 ms\n","level":"info"}
{"message":"[Sun, 18 Oct 2020 07:37:27 GMT] GET /users 200 query: {} params: {} body: {} - 6.914 ms\n","level":"info"}
{"message":"[Sun, 18 Oct 2020 07:37:48 GMT] GET /users 200 query: {} params: {} body: {} - 1.553 ms\n","level":"info"}
{"message":"[Sun, 18 Oct 2020 07:38:19 GMT] GET /users 200 query: {} params: {} body: {} - 1.478 ms\n","level":"info"}
{"message":"[Sun, 18 Oct 2020 07:38:21 GMT] GET /users 200 query: {} params: {} body: {} - 1.468 ms\n","level":"info"}
{"message":"[Sun, 18 Oct 2020 07:39:13 GMT] GET /users 200 query: {} params: {} body: {} - 9.128 ms\n","level":"info"}
{"message":"[Sun, 18 Oct 2020 08:49:46 GMT] GET /users 200 query: {} params: {} body: {} - 17.488 ms\n","level":"info"}
{"message":"[Sun, 18 Oct 2020 08:51:29 GMT] POST /users 200 query: {} params: {} body: {\"name\":\"string\",\"login\":\"string\",\"password\":\"string\"} - 1.010 ms\n","level":"info"}
